<?xml version="1.0" encoding="UTF-8" ?>
<testsuite failures="0" time="0.018" errors="2" skipped="0" tests="2" name="com.Trapeze.NOVUS.Selenium.ManageVehiclesTest">
  <properties>
    <property name="java.runtime.name" value="Java(TM) SE Runtime Environment"/>
    <property name="sun.boot.library.path" value="C:\Program Files\Java\jdk1.7.0_04\jre\bin"/>
    <property name="java.vm.version" value="23.0-b21"/>
    <property name="java.vm.vendor" value="Oracle Corporation"/>
    <property name="java.vendor.url" value="http://java.oracle.com/"/>
    <property name="path.separator" value=";"/>
    <property name="java.vm.name" value="Java HotSpot(TM) 64-Bit Server VM"/>
    <property name="file.encoding.pkg" value="sun.io"/>
    <property name="user.script" value=""/>
    <property name="user.country" value="US"/>
    <property name="sun.java.launcher" value="SUN_STANDARD"/>
    <property name="sun.os.patch.level" value="Service Pack 1"/>
    <property name="java.vm.specification.name" value="Java Virtual Machine Specification"/>
    <property name="user.dir" value="C:\Users\zaw.win\Desktop\Eclipse Project\Selenium"/>
    <property name="java.runtime.version" value="1.7.0_04-b22"/>
    <property name="java.awt.graphicsenv" value="sun.awt.Win32GraphicsEnvironment"/>
    <property name="basedir" value="C:\Users\zaw.win\Desktop\Eclipse Project\Selenium"/>
    <property name="java.endorsed.dirs" value="C:\Program Files\Java\jdk1.7.0_04\jre\lib\endorsed"/>
    <property name="os.arch" value="amd64"/>
    <property name="surefire.real.class.path" value="C:\Users\zaw.win\Desktop\Eclipse Project\Selenium\target\surefire\surefirebooter1947572899415974625.jar"/>
    <property name="java.io.tmpdir" value="C:\Users\zaw.win\AppData\Local\Temp\"/>
    <property name="line.separator" value="
"/>
    <property name="java.vm.specification.vendor" value="Oracle Corporation"/>
    <property name="user.variant" value=""/>
    <property name="os.name" value="Windows 7"/>
    <property name="sun.jnu.encoding" value="Cp1252"/>
    <property name="java.library.path" value="C:\Program Files\Java\jdk1.7.0_04\jre\bin;C:\Windows\Sun\Java\bin;C:\Windows\system32;C:\Windows;C:\Windows\system32;C:\Windows;C:\Windows\System32\Wbem;C:\Windows\System32\WindowsPowerShell\v1.0\;C:\Program Files\Java\jdk1.7.0_04\bin\;C:\Program Files\TortoiseSVN\bin;C:\Program Files (x86)\Microsoft SQL Server\100\Tools\Binn\;C:\Program Files\Microsoft SQL Server\100\Tools\Binn\;C:\Program Files\Microsoft SQL Server\100\DTS\Binn\;C:\Program Files (x86)\Microsoft SQL Server\100\Tools\Binn\VSShell\Common7\IDE\;C:\Program Files (x86)\Microsoft Visual Studio 9.0\Common7\IDE\PrivateAssemblies\;C:\Program Files (x86)\Microsoft SQL Server\100\DTS\Binn\;C:\apache-ant-1.8.4\bin\;C:\Program Files (x86)\Mozilla Firefox\firefox.exe;C:\Users\zaw.win\Documents\apache-maven-3.0.4\bin;C:\Users\zaw.win\.m2\repository\org\seleniumhq\selenium\selenium-java\2.23.1;C:\Users\zaw.win\.m2\repository\org\seleniumhq\selenium\selenium-server\2.23.1;."/>
    <property name="surefire.test.class.path" value="C:\Users\zaw.win\Desktop\Eclipse Project\Selenium\target\test-classes;C:\Users\zaw.win\Desktop\Eclipse Project\Selenium\target\classes;C:\Users\zaw.win\.m2\repository\junit\junit\4.9\junit-4.9.jar;C:\Users\zaw.win\.m2\repository\org\hamcrest\hamcrest-core\1.1\hamcrest-core-1.1.jar;C:\Users\zaw.win\.m2\repository\org\seleniumhq\selenium\selenium-java\2.23.1\selenium-java-2.23.1.jar;C:\Users\zaw.win\.m2\repository\org\seleniumhq\selenium\selenium-android-driver\2.23.1\selenium-android-driver-2.23.1.jar;C:\Users\zaw.win\.m2\repository\org\seleniumhq\selenium\selenium-remote-driver\2.23.1\selenium-remote-driver-2.23.1.jar;C:\Users\zaw.win\.m2\repository\cglib\cglib-nodep\2.1_3\cglib-nodep-2.1_3.jar;C:\Users\zaw.win\.m2\repository\org\json\json\20080701\json-20080701.jar;C:\Users\zaw.win\.m2\repository\org\seleniumhq\selenium\selenium-chrome-driver\2.23.1\selenium-chrome-driver-2.23.1.jar;C:\Users\zaw.win\.m2\repository\org\seleniumhq\selenium\selenium-htmlunit-driver\2.23.1\selenium-htmlunit-driver-2.23.1.jar;C:\Users\zaw.win\.m2\repository\org\seleniumhq\selenium\selenium-api\2.23.1\selenium-api-2.23.1.jar;C:\Users\zaw.win\.m2\repository\net\sourceforge\htmlunit\htmlunit\2.9\htmlunit-2.9.jar;C:\Users\zaw.win\.m2\repository\xalan\xalan\2.7.1\xalan-2.7.1.jar;C:\Users\zaw.win\.m2\repository\xalan\serializer\2.7.1\serializer-2.7.1.jar;C:\Users\zaw.win\.m2\repository\commons-collections\commons-collections\3.2.1\commons-collections-3.2.1.jar;C:\Users\zaw.win\.m2\repository\commons-lang\commons-lang\2.6\commons-lang-2.6.jar;C:\Users\zaw.win\.m2\repository\org\apache\httpcomponents\httpmime\4.1.2\httpmime-4.1.2.jar;C:\Users\zaw.win\.m2\repository\net\sourceforge\htmlunit\htmlunit-core-js\2.9\htmlunit-core-js-2.9.jar;C:\Users\zaw.win\.m2\repository\xerces\xercesImpl\2.9.1\xercesImpl-2.9.1.jar;C:\Users\zaw.win\.m2\repository\xml-apis\xml-apis\1.3.04\xml-apis-1.3.04.jar;C:\Users\zaw.win\.m2\repository\net\sourceforge\nekohtml\nekohtml\1.9.15\nekohtml-1.9.15.jar;C:\Users\zaw.win\.m2\repository\net\sourceforge\cssparser\cssparser\0.9.5\cssparser-0.9.5.jar;C:\Users\zaw.win\.m2\repository\org\w3c\css\sac\1.3\sac-1.3.jar;C:\Users\zaw.win\.m2\repository\commons-logging\commons-logging\1.1.1\commons-logging-1.1.1.jar;C:\Users\zaw.win\.m2\repository\org\apache\httpcomponents\httpclient\4.1.2\httpclient-4.1.2.jar;C:\Users\zaw.win\.m2\repository\org\apache\httpcomponents\httpcore\4.1.2\httpcore-4.1.2.jar;C:\Users\zaw.win\.m2\repository\org\seleniumhq\selenium\selenium-firefox-driver\2.23.1\selenium-firefox-driver-2.23.1.jar;C:\Users\zaw.win\.m2\repository\commons-io\commons-io\2.0.1\commons-io-2.0.1.jar;C:\Users\zaw.win\.m2\repository\org\seleniumhq\selenium\selenium-ie-driver\2.23.1\selenium-ie-driver-2.23.1.jar;C:\Users\zaw.win\.m2\repository\net\java\dev\jna\jna\3.4.0\jna-3.4.0.jar;C:\Users\zaw.win\.m2\repository\net\java\dev\jna\platform\3.4.0\platform-3.4.0.jar;C:\Users\zaw.win\.m2\repository\org\seleniumhq\selenium\selenium-iphone-driver\2.23.1\selenium-iphone-driver-2.23.1.jar;C:\Users\zaw.win\.m2\repository\org\seleniumhq\selenium\selenium-safari-driver\2.23.1\selenium-safari-driver-2.23.1.jar;C:\Users\zaw.win\.m2\repository\org\seleniumhq\selenium\selenium-support\2.23.1\selenium-support-2.23.1.jar;C:\Users\zaw.win\.m2\repository\org\webbitserver\webbit\0.4.6\webbit-0.4.6.jar;C:\Users\zaw.win\.m2\repository\org\jboss\netty\netty\3.2.7.Final\netty-3.2.7.Final.jar;C:\Users\zaw.win\.m2\repository\com\opera\operadriver\0.14\operadriver-0.14.jar;C:\Users\zaw.win\.m2\repository\com\opera\operalaunchers\0.8\operalaunchers-0.8.jar;C:\Users\zaw.win\.m2\repository\com\google\protobuf\protobuf-java\2.4.1\protobuf-java-2.4.1.jar;C:\Users\zaw.win\.m2\repository\com\google\guava\guava\12.0\guava-12.0.jar;C:\Users\zaw.win\.m2\repository\com\google\code\findbugs\jsr305\1.3.9\jsr305-1.3.9.jar;C:\Users\zaw.win\.m2\repository\commons-jxpath\commons-jxpath\1.3\commons-jxpath-1.3.jar;C:\Users\zaw.win\.m2\repository\org\apache\commons\commons-exec\1.1\commons-exec-1.1.jar;C:\Users\zaw.win\.m2\repository\org\ini4j\ini4j\0.5.2\ini4j-0.5.2.jar;C:\Users\zaw.win\.m2\repository\org\seleniumhq\selenium\selenium-server\2.23.1\selenium-server-2.23.1.jar;C:\Users\zaw.win\.m2\repository\org\bouncycastle\bcprov-jdk15on\1.47\bcprov-jdk15on-1.47.jar;C:\Users\zaw.win\.m2\repository\mx4j\mx4j-tools\3.0.1\mx4j-tools-3.0.1.jar;C:\Users\zaw.win\.m2\repository\org\mortbay\jetty\servlet-api-2.5\6.1.9\servlet-api-2.5-6.1.9.jar;C:\Users\zaw.win\.m2\repository\org\seleniumhq\selenium\jetty-repacked\7.6.1\jetty-repacked-7.6.1.jar;C:\Users\zaw.win\.m2\repository\net\jcip\jcip-annotations\1.0\jcip-annotations-1.0.jar;C:\Users\zaw.win\.m2\repository\org\yaml\snakeyaml\1.8\snakeyaml-1.8.jar;C:\Users\zaw.win\.m2\repository\commons-codec\commons-codec\1.6\commons-codec-1.6.jar;"/>
    <property name="java.specification.name" value="Java Platform API Specification"/>
    <property name="java.class.version" value="51.0"/>
    <property name="sun.management.compiler" value="HotSpot 64-Bit Tiered Compilers"/>
    <property name="os.version" value="6.1"/>
    <property name="user.home" value="C:\Users\zaw.win"/>
    <property name="user.timezone" value=""/>
    <property name="java.awt.printerjob" value="sun.awt.windows.WPrinterJob"/>
    <property name="java.specification.version" value="1.7"/>
    <property name="file.encoding" value="Cp1252"/>
    <property name="user.name" value="zaw.win"/>
    <property name="java.class.path" value="C:\Users\zaw.win\Desktop\Eclipse Project\Selenium\target\test-classes;C:\Users\zaw.win\Desktop\Eclipse Project\Selenium\target\classes;C:\Users\zaw.win\.m2\repository\junit\junit\4.9\junit-4.9.jar;C:\Users\zaw.win\.m2\repository\org\hamcrest\hamcrest-core\1.1\hamcrest-core-1.1.jar;C:\Users\zaw.win\.m2\repository\org\seleniumhq\selenium\selenium-java\2.23.1\selenium-java-2.23.1.jar;C:\Users\zaw.win\.m2\repository\org\seleniumhq\selenium\selenium-android-driver\2.23.1\selenium-android-driver-2.23.1.jar;C:\Users\zaw.win\.m2\repository\org\seleniumhq\selenium\selenium-remote-driver\2.23.1\selenium-remote-driver-2.23.1.jar;C:\Users\zaw.win\.m2\repository\cglib\cglib-nodep\2.1_3\cglib-nodep-2.1_3.jar;C:\Users\zaw.win\.m2\repository\org\json\json\20080701\json-20080701.jar;C:\Users\zaw.win\.m2\repository\org\seleniumhq\selenium\selenium-chrome-driver\2.23.1\selenium-chrome-driver-2.23.1.jar;C:\Users\zaw.win\.m2\repository\org\seleniumhq\selenium\selenium-htmlunit-driver\2.23.1\selenium-htmlunit-driver-2.23.1.jar;C:\Users\zaw.win\.m2\repository\org\seleniumhq\selenium\selenium-api\2.23.1\selenium-api-2.23.1.jar;C:\Users\zaw.win\.m2\repository\net\sourceforge\htmlunit\htmlunit\2.9\htmlunit-2.9.jar;C:\Users\zaw.win\.m2\repository\xalan\xalan\2.7.1\xalan-2.7.1.jar;C:\Users\zaw.win\.m2\repository\xalan\serializer\2.7.1\serializer-2.7.1.jar;C:\Users\zaw.win\.m2\repository\commons-collections\commons-collections\3.2.1\commons-collections-3.2.1.jar;C:\Users\zaw.win\.m2\repository\commons-lang\commons-lang\2.6\commons-lang-2.6.jar;C:\Users\zaw.win\.m2\repository\org\apache\httpcomponents\httpmime\4.1.2\httpmime-4.1.2.jar;C:\Users\zaw.win\.m2\repository\net\sourceforge\htmlunit\htmlunit-core-js\2.9\htmlunit-core-js-2.9.jar;C:\Users\zaw.win\.m2\repository\xerces\xercesImpl\2.9.1\xercesImpl-2.9.1.jar;C:\Users\zaw.win\.m2\repository\xml-apis\xml-apis\1.3.04\xml-apis-1.3.04.jar;C:\Users\zaw.win\.m2\repository\net\sourceforge\nekohtml\nekohtml\1.9.15\nekohtml-1.9.15.jar;C:\Users\zaw.win\.m2\repository\net\sourceforge\cssparser\cssparser\0.9.5\cssparser-0.9.5.jar;C:\Users\zaw.win\.m2\repository\org\w3c\css\sac\1.3\sac-1.3.jar;C:\Users\zaw.win\.m2\repository\commons-logging\commons-logging\1.1.1\commons-logging-1.1.1.jar;C:\Users\zaw.win\.m2\repository\org\apache\httpcomponents\httpclient\4.1.2\httpclient-4.1.2.jar;C:\Users\zaw.win\.m2\repository\org\apache\httpcomponents\httpcore\4.1.2\httpcore-4.1.2.jar;C:\Users\zaw.win\.m2\repository\org\seleniumhq\selenium\selenium-firefox-driver\2.23.1\selenium-firefox-driver-2.23.1.jar;C:\Users\zaw.win\.m2\repository\commons-io\commons-io\2.0.1\commons-io-2.0.1.jar;C:\Users\zaw.win\.m2\repository\org\seleniumhq\selenium\selenium-ie-driver\2.23.1\selenium-ie-driver-2.23.1.jar;C:\Users\zaw.win\.m2\repository\net\java\dev\jna\jna\3.4.0\jna-3.4.0.jar;C:\Users\zaw.win\.m2\repository\net\java\dev\jna\platform\3.4.0\platform-3.4.0.jar;C:\Users\zaw.win\.m2\repository\org\seleniumhq\selenium\selenium-iphone-driver\2.23.1\selenium-iphone-driver-2.23.1.jar;C:\Users\zaw.win\.m2\repository\org\seleniumhq\selenium\selenium-safari-driver\2.23.1\selenium-safari-driver-2.23.1.jar;C:\Users\zaw.win\.m2\repository\org\seleniumhq\selenium\selenium-support\2.23.1\selenium-support-2.23.1.jar;C:\Users\zaw.win\.m2\repository\org\webbitserver\webbit\0.4.6\webbit-0.4.6.jar;C:\Users\zaw.win\.m2\repository\org\jboss\netty\netty\3.2.7.Final\netty-3.2.7.Final.jar;C:\Users\zaw.win\.m2\repository\com\opera\operadriver\0.14\operadriver-0.14.jar;C:\Users\zaw.win\.m2\repository\com\opera\operalaunchers\0.8\operalaunchers-0.8.jar;C:\Users\zaw.win\.m2\repository\com\google\protobuf\protobuf-java\2.4.1\protobuf-java-2.4.1.jar;C:\Users\zaw.win\.m2\repository\com\google\guava\guava\12.0\guava-12.0.jar;C:\Users\zaw.win\.m2\repository\com\google\code\findbugs\jsr305\1.3.9\jsr305-1.3.9.jar;C:\Users\zaw.win\.m2\repository\commons-jxpath\commons-jxpath\1.3\commons-jxpath-1.3.jar;C:\Users\zaw.win\.m2\repository\org\apache\commons\commons-exec\1.1\commons-exec-1.1.jar;C:\Users\zaw.win\.m2\repository\org\ini4j\ini4j\0.5.2\ini4j-0.5.2.jar;C:\Users\zaw.win\.m2\repository\org\seleniumhq\selenium\selenium-server\2.23.1\selenium-server-2.23.1.jar;C:\Users\zaw.win\.m2\repository\org\bouncycastle\bcprov-jdk15on\1.47\bcprov-jdk15on-1.47.jar;C:\Users\zaw.win\.m2\repository\mx4j\mx4j-tools\3.0.1\mx4j-tools-3.0.1.jar;C:\Users\zaw.win\.m2\repository\org\mortbay\jetty\servlet-api-2.5\6.1.9\servlet-api-2.5-6.1.9.jar;C:\Users\zaw.win\.m2\repository\org\seleniumhq\selenium\jetty-repacked\7.6.1\jetty-repacked-7.6.1.jar;C:\Users\zaw.win\.m2\repository\net\jcip\jcip-annotations\1.0\jcip-annotations-1.0.jar;C:\Users\zaw.win\.m2\repository\org\yaml\snakeyaml\1.8\snakeyaml-1.8.jar;C:\Users\zaw.win\.m2\repository\commons-codec\commons-codec\1.6\commons-codec-1.6.jar;"/>
    <property name="java.vm.specification.version" value="1.7"/>
    <property name="sun.arch.data.model" value="64"/>
    <property name="java.home" value="C:\Program Files\Java\jdk1.7.0_04\jre"/>
    <property name="sun.java.command" value="C:\Users\zaw.win\Desktop\Eclipse Project\Selenium\target\surefire\surefirebooter1947572899415974625.jar C:\Users\zaw.win\Desktop\Eclipse Project\Selenium\target\surefire\surefire5529660426675815471tmp C:\Users\zaw.win\Desktop\Eclipse Project\Selenium\target\surefire\surefire4131473720424800298tmp"/>
    <property name="java.specification.vendor" value="Oracle Corporation"/>
    <property name="user.language" value="en"/>
    <property name="awt.toolkit" value="sun.awt.windows.WToolkit"/>
    <property name="java.vm.info" value="mixed mode"/>
    <property name="java.version" value="1.7.0_04"/>
    <property name="java.ext.dirs" value="C:\Program Files\Java\jdk1.7.0_04\jre\lib\ext;C:\Windows\Sun\Java\lib\ext"/>
    <property name="sun.boot.class.path" value="C:\Program Files\Java\jdk1.7.0_04\jre\lib\resources.jar;C:\Program Files\Java\jdk1.7.0_04\jre\lib\rt.jar;C:\Program Files\Java\jdk1.7.0_04\jre\lib\sunrsasign.jar;C:\Program Files\Java\jdk1.7.0_04\jre\lib\jsse.jar;C:\Program Files\Java\jdk1.7.0_04\jre\lib\jce.jar;C:\Program Files\Java\jdk1.7.0_04\jre\lib\charsets.jar;C:\Program Files\Java\jdk1.7.0_04\jre\lib\jfr.jar;C:\Program Files\Java\jdk1.7.0_04\jre\classes"/>
    <property name="java.vendor" value="Oracle Corporation"/>
    <property name="localRepository" value="C:\Users\zaw.win\.m2\repository"/>
    <property name="file.separator" value="\"/>
    <property name="java.vendor.url.bug" value="http://bugreport.sun.com/bugreport/"/>
    <property name="sun.cpu.endian" value="little"/>
    <property name="sun.io.unicode.encoding" value="UnicodeLittle"/>
    <property name="sun.desktop" value="windows"/>
    <property name="sun.cpu.isalist" value="amd64"/>
  </properties>
  <testcase time="0" classname="com.Trapeze.NOVUS.Selenium.ManageVehiclesTest" name="com.Trapeze.NOVUS.Selenium.ManageVehiclesTest">
    <error type="java.lang.NullPointerException">java.lang.NullPointerException
	at com.Trapeze.NOVUS.Selenium.ManageVehiclesTest.setUpBeforeClass(ManageVehiclesTest.java:29)
	at sun.reflect.NativeMethodAccessorImpl.invoke0(Native Method)
	at sun.reflect.NativeMethodAccessorImpl.invoke(NativeMethodAccessorImpl.java:57)
	at sun.reflect.DelegatingMethodAccessorImpl.invoke(DelegatingMethodAccessorImpl.java:43)
	at java.lang.reflect.Method.invoke(Method.java:601)
	at org.junit.runners.model.FrameworkMethod$1.runReflectiveCall(FrameworkMethod.java:44)
	at org.junit.internal.runners.model.ReflectiveCallable.run(ReflectiveCallable.java:15)
	at org.junit.runners.model.FrameworkMethod.invokeExplosively(FrameworkMethod.java:41)
	at org.junit.internal.runners.statements.RunBefores.evaluate(RunBefores.java:27)
	at org.junit.internal.runners.statements.RunAfters.evaluate(RunAfters.java:31)
	at org.junit.runners.ParentRunner.run(ParentRunner.java:292)
	at org.apache.maven.surefire.junit4.JUnit4TestSet.execute(JUnit4TestSet.java:35)
	at org.apache.maven.surefire.junit4.JUnit4Provider.executeTestSet(JUnit4Provider.java:146)
	at org.apache.maven.surefire.junit4.JUnit4Provider.invoke(JUnit4Provider.java:97)
	at sun.reflect.NativeMethodAccessorImpl.invoke0(Native Method)
	at sun.reflect.NativeMethodAccessorImpl.invoke(NativeMethodAccessorImpl.java:57)
	at sun.reflect.DelegatingMethodAccessorImpl.invoke(DelegatingMethodAccessorImpl.java:43)
	at java.lang.reflect.Method.invoke(Method.java:601)
	at org.apache.maven.surefire.booter.ProviderFactory$ClassLoaderProxy.invoke(ProviderFactory.java:103)
	at $Proxy0.invoke(Unknown Source)
	at org.apache.maven.surefire.booter.SurefireStarter.invokeProvider(SurefireStarter.java:145)
	at org.apache.maven.surefire.booter.SurefireStarter.runSuitesInProcess(SurefireStarter.java:87)
	at org.apache.maven.surefire.booter.ForkedBooter.main(ForkedBooter.java:69)
</error>
    <system-out>@SLTests run: 2, Failures: 0, Errors: 2, Skipped: 0, Time elapsed: 5.005 sec &lt;&lt;&lt; FAILURE!
@SLRunning com.Trapeze.NOVUS.Selenium.ManageVehiclesTest
</system-out>
  </testcase>
  <testcase time="0.002" classname="com.Trapeze.NOVUS.Selenium.ManageVehiclesTest" name="com.Trapeze.NOVUS.Selenium.ManageVehiclesTest">
    <error type="java.lang.NullPointerException">java.lang.NullPointerException
	at com.Trapeze.NOVUS.Selenium.ManageVehiclesTest.tearDownAfterClass(ManageVehiclesTest.java:48)
	at sun.reflect.NativeMethodAccessorImpl.invoke0(Native Method)
	at sun.reflect.NativeMethodAccessorImpl.invoke(NativeMethodAccessorImpl.java:57)
	at sun.reflect.DelegatingMethodAccessorImpl.invoke(DelegatingMethodAccessorImpl.java:43)
	at java.lang.reflect.Method.invoke(Method.java:601)
	at org.junit.runners.model.FrameworkMethod$1.runReflectiveCall(FrameworkMethod.java:44)
	at org.junit.internal.runners.model.ReflectiveCallable.run(ReflectiveCallable.java:15)
	at org.junit.runners.model.FrameworkMethod.invokeExplosively(FrameworkMethod.java:41)
	at org.junit.internal.runners.statements.RunAfters.evaluate(RunAfters.java:37)
	at org.junit.runners.ParentRunner.run(ParentRunner.java:292)
	at org.apache.maven.surefire.junit4.JUnit4TestSet.execute(JUnit4TestSet.java:35)
	at org.apache.maven.surefire.junit4.JUnit4Provider.executeTestSet(JUnit4Provider.java:146)
	at org.apache.maven.surefire.junit4.JUnit4Provider.invoke(JUnit4Provider.java:97)
	at sun.reflect.NativeMethodAccessorImpl.invoke0(Native Method)
	at sun.reflect.NativeMethodAccessorImpl.invoke(NativeMethodAccessorImpl.java:57)
	at sun.reflect.DelegatingMethodAccessorImpl.invoke(DelegatingMethodAccessorImpl.java:43)
	at java.lang.reflect.Method.invoke(Method.java:601)
	at org.apache.maven.surefire.booter.ProviderFactory$ClassLoaderProxy.invoke(ProviderFactory.java:103)
	at $Proxy0.invoke(Unknown Source)
	at org.apache.maven.surefire.booter.SurefireStarter.invokeProvider(SurefireStarter.java:145)
	at org.apache.maven.surefire.booter.SurefireStarter.runSuitesInProcess(SurefireStarter.java:87)
	at org.apache.maven.surefire.booter.ForkedBooter.main(ForkedBooter.java:69)
</error>
  </testcase>
</testsuite>